<?xml version="1.0" encoding="UTF-8"?>
<!-- Generated by org.testng.reporters.JUnitReportReporter -->
<testsuite skipped="0" hostname="LAPTOP-4FENMSQH" name="com.proquest.qa.testcases.ProQuestHomePageTest" tests="2" failures="0" timestamp="23 Mar 2020 23:44:03 GMT" time="69.524" errors="0">
  <testcase name="task2" time="32.073" classname="com.proquest.qa.testcases.ProQuestHomePageTest"/>
  <testcase name="task2" time="37.451" classname="com.proquest.qa.testcases.ProQuestHomePageTest"/>
</testsuite> <!-- com.proquest.qa.testcases.ProQuestHomePageTest -->
