<?xml version="1.0" encoding="UTF-8"?>
<!-- Generated by org.testng.reporters.JUnitReportReporter -->
<testsuite skipped="0" hostname="LAPTOP-4FENMSQH" name="com.proquest.qa.testcases.ProQuestHomePageTest" tests="2" failures="0" timestamp="25 Mar 2020 08:11:23 GMT" time="46.774" errors="0">
  <testcase name="task2" time="18.720" classname="com.proquest.qa.testcases.ProQuestHomePageTest"/>
  <testcase name="task2" time="28.054" classname="com.proquest.qa.testcases.ProQuestHomePageTest"/>
</testsuite> <!-- com.proquest.qa.testcases.ProQuestHomePageTest -->
