<?xml version="1.0" encoding="UTF-8"?>
<!-- Generated by org.testng.reporters.JUnitReportReporter -->
<testsuite skipped="0" hostname="LAPTOP-4FENMSQH" name="com.proquest.qa.testcases.GoogleImages" tests="1" failures="0" timestamp="18 Mar 2020 20:49:43 GMT" time="14.880" errors="0">
  <testcase name="clickImages" time="14.880" classname="com.proquest.qa.testcases.GoogleImages"/>
</testsuite> <!-- com.proquest.qa.testcases.GoogleImages -->
