<?xml version="1.0" encoding="UTF-8"?>
<!-- Generated by org.testng.reporters.JUnitReportReporter -->
<testsuite skipped="0" hostname="LAPTOP-4FENMSQH" name="com.proquest.qa.testcases.GooglePageTest" tests="4" failures="0" timestamp="23 Mar 2020 23:44:04 GMT" time="49.458" errors="0">
  <testcase name="googlePageTitleTest" time="13.763" classname="com.proquest.qa.testcases.GooglePageTest"/>
  <testcase name="googlePageTitleTest" time="7.990" classname="com.proquest.qa.testcases.GooglePageTest"/>
  <testcase name="searchResultsTest" time="20.047" classname="com.proquest.qa.testcases.GooglePageTest"/>
  <testcase name="searchResultsTest" time="7.658" classname="com.proquest.qa.testcases.GooglePageTest"/>
</testsuite> <!-- com.proquest.qa.testcases.GooglePageTest -->
