<?xml version="1.0" encoding="UTF-8"?>
<!-- Generated by org.testng.reporters.JUnitReportReporter -->
<testsuite skipped="0" hostname="LAPTOP-4FENMSQH" name="com.proquest.qa.testcases.SearchResultsPageTest" tests="2" failures="0" timestamp="23 Mar 2020 23:44:03 GMT" time="31.020" errors="0">
  <testcase name="task1" time="19.879" classname="com.proquest.qa.testcases.SearchResultsPageTest"/>
  <testcase name="task1" time="11.141" classname="com.proquest.qa.testcases.SearchResultsPageTest"/>
</testsuite> <!-- com.proquest.qa.testcases.SearchResultsPageTest -->
