<?xml version="1.0" encoding="UTF-8"?>
<!-- Generated by org.testng.reporters.JUnitReportReporter -->
<testsuite skipped="0" hostname="LAPTOP-4FENMSQH" name="com.proquest.qa.testcases.SearchResultsPageTest" tests="2" failures="0" timestamp="24 Mar 2020 08:26:04 GMT" time="25.907" errors="0">
  <testcase name="task1" time="10.127" classname="com.proquest.qa.testcases.SearchResultsPageTest"/>
  <testcase name="task1" time="15.780" classname="com.proquest.qa.testcases.SearchResultsPageTest"/>
</testsuite> <!-- com.proquest.qa.testcases.SearchResultsPageTest -->
