<?xml version="1.0" encoding="UTF-8"?>
<!-- Generated by org.testng.reporters.JUnitReportReporter -->
<testsuite skipped="0" hostname="LAPTOP-4FENMSQH" name="com.proquest.qa.testcases.SearchResultsPageTest" tests="2" failures="0" timestamp="23 Mar 2020 20:03:10 GMT" time="26.102" errors="0">
  <testcase name="task1" time="16.659" classname="com.proquest.qa.testcases.SearchResultsPageTest"/>
  <testcase name="task1" time="9.443" classname="com.proquest.qa.testcases.SearchResultsPageTest"/>
</testsuite> <!-- com.proquest.qa.testcases.SearchResultsPageTest -->
