<?xml version="1.0" encoding="UTF-8"?>
<!-- Generated by org.testng.reporters.JUnitReportReporter -->
<testsuite skipped="0" hostname="LAPTOP-4FENMSQH" name="com.proquest.qa.testcases.GooglePageTest" tests="4" failures="0" timestamp="25 Mar 2020 08:11:23 GMT" time="42.191" errors="0">
  <testcase name="googlePageTitleTest" time="5.409" classname="com.proquest.qa.testcases.GooglePageTest"/>
  <testcase name="googlePageTitleTest" time="12.556" classname="com.proquest.qa.testcases.GooglePageTest"/>
  <testcase name="searchResultsTest" time="9.229" classname="com.proquest.qa.testcases.GooglePageTest"/>
  <testcase name="searchResultsTest" time="14.997" classname="com.proquest.qa.testcases.GooglePageTest"/>
</testsuite> <!-- com.proquest.qa.testcases.GooglePageTest -->
