<?xml version="1.0" encoding="UTF-8"?>
<!-- Generated by org.testng.reporters.JUnitReportReporter -->
<testsuite skipped="0" hostname="LAPTOP-4FENMSQH" name="com.proquest.qa.testcases.GooglePageTest" tests="4" failures="0" timestamp="24 Mar 2020 08:26:04 GMT" time="43.713" errors="0">
  <testcase name="googlePageTitleTest" time="5.482" classname="com.proquest.qa.testcases.GooglePageTest"/>
  <testcase name="googlePageTitleTest" time="13.895" classname="com.proquest.qa.testcases.GooglePageTest"/>
  <testcase name="searchResultsTest" time="8.431" classname="com.proquest.qa.testcases.GooglePageTest"/>
  <testcase name="searchResultsTest" time="15.905" classname="com.proquest.qa.testcases.GooglePageTest"/>
</testsuite> <!-- com.proquest.qa.testcases.GooglePageTest -->
