<?xml version="1.0" encoding="UTF-8"?>
<!-- Generated by org.testng.reporters.JUnitReportReporter -->
<testsuite skipped="0" hostname="LAPTOP-4FENMSQH" name="com.proquest.qa.testcases.GooglePageTest" tests="4" failures="0" timestamp="23 Mar 2020 20:03:10 GMT" time="41.661" errors="0">
  <testcase name="googlePageTitleTest" time="13.121" classname="com.proquest.qa.testcases.GooglePageTest"/>
  <testcase name="googlePageTitleTest" time="6.336" classname="com.proquest.qa.testcases.GooglePageTest"/>
  <testcase name="searchResultsTest" time="6.313" classname="com.proquest.qa.testcases.GooglePageTest"/>
  <testcase name="searchResultsTest" time="15.891" classname="com.proquest.qa.testcases.GooglePageTest"/>
</testsuite> <!-- com.proquest.qa.testcases.GooglePageTest -->
